[2024-05-22 00:11:13] [ INFO ] [PacienteEnMemoria:19] paciente guardado: Paciente id=1, apellido='Cosme', nombre='Menganito', dni='456464', fechaIngreso=2024-04-22, domicilio=Domicilio id=null, calle='Calle Falsa', numero=456, localidad='Springfield', provincia='Montana
[2024-05-22 00:11:13] [ INFO ] [PacienteEnMemoria:19] paciente guardado: Paciente id=2, apellido='Cosme', nombre='Menganito', dni='456464', fechaIngreso=2024-04-22, domicilio=Domicilio id=null, calle='Calle Falsa', numero=456, localidad='Springfield', provincia='Montana
[2024-05-22 00:11:13] [ INFO ] [PacienteEnMemoria:19] paciente guardado: Paciente id=3, apellido='Cosme', nombre='Menganito', dni='456464', fechaIngreso=2024-04-22, domicilio=Domicilio id=null, calle='Calle Falsa', numero=456, localidad='Springfield', provincia='Montana
[2024-05-22 00:11:13] [ INFO ] [PacienteEnMemoria:27] Paciente encontrado: Paciente id=1, apellido='Cosme', nombre='Menganito', dni='456464', fechaIngreso=2024-04-22, domicilio=Domicilio id=null, calle='Calle Falsa', numero=456, localidad='Springfield', provincia='Montana
[2024-05-22 00:12:21] [ INFO ] [PacienteEnMemoria:19] paciente guardado: Paciente id=1, apellido='Cosme', nombre='Menganito', dni='456464', fechaIngreso=2024-04-22, domicilio=Domicilio id=null, calle='Calle Falsa', numero=456, localidad='Springfield', provincia='Montana
[2024-05-22 00:12:21] [ INFO ] [PacienteEnMemoria:19] paciente guardado: Paciente id=2, apellido='Cosme', nombre='Menganito', dni='456464', fechaIngreso=2024-04-22, domicilio=Domicilio id=null, calle='Calle Falsa', numero=456, localidad='Springfield', provincia='Montana
[2024-05-22 00:12:21] [ INFO ] [PacienteEnMemoria:19] paciente guardado: Paciente id=3, apellido='Cosme', nombre='Menganito', dni='456464', fechaIngreso=2024-04-22, domicilio=Domicilio id=null, calle='Calle Falsa', numero=456, localidad='Springfield', provincia='Montana
[2024-05-22 00:12:21] [ INFO ] [PacienteEnMemoria:27] Paciente encontrado: Paciente id=1, apellido='Cosme', nombre='Menganito', dni='456464', fechaIngreso=2024-04-22, domicilio=Domicilio id=null, calle='Calle Falsa', numero=456, localidad='Springfield', provincia='Montana
[2024-05-22 00:12:37] [ INFO ] [DomicilioDaoH2:34] Domicilio persistido: Domicilio id=2, calle='Calle Falsa', numero=456, localidad='Springfield', provincia='Montana
[2024-05-22 00:12:37] [ INFO ] [PacienteDaoH2:43] paciente guardado: Paciente id=2, apellido='Cosme', nombre='Menganito', dni='456464', fechaIngreso=2024-04-22, domicilio=Domicilio id=2, calle='Calle Falsa', numero=456, localidad='Springfield', provincia='Montana
[2024-05-22 00:12:37] [ INFO ] [DomicilioDaoH2:34] Domicilio persistido: Domicilio id=3, calle='Calle Falsa', numero=456, localidad='Springfield', provincia='Montana
[2024-05-22 00:12:37] [ INFO ] [PacienteDaoH2:43] paciente guardado: Paciente id=3, apellido='Cosme', nombre='Menganito', dni='456464', fechaIngreso=2024-04-22, domicilio=Domicilio id=3, calle='Calle Falsa', numero=456, localidad='Springfield', provincia='Montana
[2024-05-22 00:12:37] [ INFO ] [DomicilioDaoH2:77] domicilio encontrado: Domicilio id=1, calle='SIEMPRE VIVA', numero=123, localidad='SAN PEDRO', provincia='JUJUY
[2024-05-22 00:12:37] [ INFO ] [PacienteDaoH2:126] paciente listado: Paciente id=1, apellido='COSME', nombre='FULANITO', dni='1545646', fechaIngreso=2024-02-15, domicilio=Domicilio id=1, calle='SIEMPRE VIVA', numero=123, localidad='SAN PEDRO', provincia='JUJUY
[2024-05-22 00:12:37] [ INFO ] [DomicilioDaoH2:77] domicilio encontrado: Domicilio id=2, calle='Calle Falsa', numero=456, localidad='Springfield', provincia='Montana
[2024-05-22 00:12:37] [ INFO ] [PacienteDaoH2:126] paciente listado: Paciente id=2, apellido='Cosme', nombre='Menganito', dni='456464', fechaIngreso=2024-04-22, domicilio=Domicilio id=2, calle='Calle Falsa', numero=456, localidad='Springfield', provincia='Montana
[2024-05-22 00:12:37] [ INFO ] [DomicilioDaoH2:77] domicilio encontrado: Domicilio id=3, calle='Calle Falsa', numero=456, localidad='Springfield', provincia='Montana
[2024-05-22 00:12:37] [ INFO ] [PacienteDaoH2:126] paciente listado: Paciente id=3, apellido='Cosme', nombre='Menganito', dni='456464', fechaIngreso=2024-04-22, domicilio=Domicilio id=3, calle='Calle Falsa', numero=456, localidad='Springfield', provincia='Montana
[2024-05-22 00:12:37] [ INFO ] [DomicilioDaoH2:77] domicilio encontrado: Domicilio id=1, calle='SIEMPRE VIVA', numero=123, localidad='SAN PEDRO', provincia='JUJUY
[2024-05-22 00:12:37] [ INFO ] [PacienteDaoH2:91] paciente encontrado: Paciente id=1, apellido='COSME', nombre='FULANITO', dni='1545646', fechaIngreso=2024-02-15, domicilio=Domicilio id=1, calle='SIEMPRE VIVA', numero=123, localidad='SAN PEDRO', provincia='JUJUY
[2024-05-22 00:13:12] [ INFO ] [DomicilioDaoH2:34] Domicilio persistido: Domicilio id=2, calle='Calle Falsa', numero=456, localidad='Springfield', provincia='Montana
[2024-05-22 00:13:12] [ INFO ] [PacienteDaoH2:43] paciente guardado: Paciente id=2, apellido='Cosme', nombre='Menganito', dni='456464', fechaIngreso=2024-04-22, domicilio=Domicilio id=2, calle='Calle Falsa', numero=456, localidad='Springfield', provincia='Montana
[2024-05-22 00:13:12] [ INFO ] [DomicilioDaoH2:34] Domicilio persistido: Domicilio id=3, calle='Calle Falsa', numero=456, localidad='Springfield', provincia='Montana
[2024-05-22 00:13:12] [ INFO ] [PacienteDaoH2:43] paciente guardado: Paciente id=3, apellido='Cosme', nombre='Menganito', dni='456464', fechaIngreso=2024-04-22, domicilio=Domicilio id=3, calle='Calle Falsa', numero=456, localidad='Springfield', provincia='Montana
[2024-05-22 00:13:12] [ INFO ] [DomicilioDaoH2:77] domicilio encontrado: Domicilio id=1, calle='SIEMPRE VIVA', numero=123, localidad='SAN PEDRO', provincia='JUJUY
[2024-05-22 00:13:12] [ INFO ] [PacienteDaoH2:126] paciente listado: Paciente id=1, apellido='COSME', nombre='FULANITO', dni='1545646', fechaIngreso=2024-02-15, domicilio=Domicilio id=1, calle='SIEMPRE VIVA', numero=123, localidad='SAN PEDRO', provincia='JUJUY
[2024-05-22 00:13:12] [ INFO ] [DomicilioDaoH2:77] domicilio encontrado: Domicilio id=2, calle='Calle Falsa', numero=456, localidad='Springfield', provincia='Montana
[2024-05-22 00:13:12] [ INFO ] [PacienteDaoH2:126] paciente listado: Paciente id=2, apellido='Cosme', nombre='Menganito', dni='456464', fechaIngreso=2024-04-22, domicilio=Domicilio id=2, calle='Calle Falsa', numero=456, localidad='Springfield', provincia='Montana
[2024-05-22 00:13:12] [ INFO ] [DomicilioDaoH2:77] domicilio encontrado: Domicilio id=3, calle='Calle Falsa', numero=456, localidad='Springfield', provincia='Montana
[2024-05-22 00:13:12] [ INFO ] [PacienteDaoH2:126] paciente listado: Paciente id=3, apellido='Cosme', nombre='Menganito', dni='456464', fechaIngreso=2024-04-22, domicilio=Domicilio id=3, calle='Calle Falsa', numero=456, localidad='Springfield', provincia='Montana
[2024-05-22 00:13:12] [ INFO ] [DomicilioDaoH2:77] domicilio encontrado: Domicilio id=1, calle='SIEMPRE VIVA', numero=123, localidad='SAN PEDRO', provincia='JUJUY
[2024-05-22 00:13:12] [ INFO ] [PacienteDaoH2:91] paciente encontrado: Paciente id=1, apellido='COSME', nombre='FULANITO', dni='1545646', fechaIngreso=2024-02-15, domicilio=Domicilio id=1, calle='SIEMPRE VIVA', numero=123, localidad='SAN PEDRO', provincia='JUJUY
[2024-05-22 00:13:35] [ INFO ] [PacienteEnMemoria:19] paciente guardado: Paciente id=1, apellido='Cosme', nombre='Menganito', dni='456464', fechaIngreso=2024-04-22, domicilio=Domicilio id=null, calle='Calle Falsa', numero=456, localidad='Springfield', provincia='Montana
[2024-05-22 00:13:35] [ INFO ] [PacienteEnMemoria:19] paciente guardado: Paciente id=2, apellido='Cosme', nombre='Menganito', dni='456464', fechaIngreso=2024-04-22, domicilio=Domicilio id=null, calle='Calle Falsa', numero=456, localidad='Springfield', provincia='Montana
[2024-05-22 00:13:35] [ INFO ] [PacienteEnMemoria:19] paciente guardado: Paciente id=3, apellido='Cosme', nombre='Menganito', dni='456464', fechaIngreso=2024-04-22, domicilio=Domicilio id=null, calle='Calle Falsa', numero=456, localidad='Springfield', provincia='Montana
[2024-05-22 00:13:35] [ INFO ] [PacienteEnMemoria:27] Paciente encontrado: Paciente id=1, apellido='Cosme', nombre='Menganito', dni='456464', fechaIngreso=2024-04-22, domicilio=Domicilio id=null, calle='Calle Falsa', numero=456, localidad='Springfield', provincia='Montana
[2024-05-22 00:13:36] [ INFO ] [DomicilioDaoH2:34] Domicilio persistido: Domicilio id=2, calle='Calle Falsa', numero=456, localidad='Springfield', provincia='Montana
[2024-05-22 00:13:36] [ INFO ] [PacienteDaoH2:43] paciente guardado: Paciente id=2, apellido='Cosme', nombre='Menganito', dni='456464', fechaIngreso=2024-04-22, domicilio=Domicilio id=2, calle='Calle Falsa', numero=456, localidad='Springfield', provincia='Montana
[2024-05-22 00:13:36] [ INFO ] [DomicilioDaoH2:34] Domicilio persistido: Domicilio id=3, calle='Calle Falsa', numero=456, localidad='Springfield', provincia='Montana
[2024-05-22 00:13:36] [ INFO ] [PacienteDaoH2:43] paciente guardado: Paciente id=3, apellido='Cosme', nombre='Menganito', dni='456464', fechaIngreso=2024-04-22, domicilio=Domicilio id=3, calle='Calle Falsa', numero=456, localidad='Springfield', provincia='Montana
[2024-05-22 00:13:36] [ INFO ] [DomicilioDaoH2:77] domicilio encontrado: Domicilio id=1, calle='SIEMPRE VIVA', numero=123, localidad='SAN PEDRO', provincia='JUJUY
[2024-05-22 00:13:36] [ INFO ] [PacienteDaoH2:126] paciente listado: Paciente id=1, apellido='COSME', nombre='FULANITO', dni='1545646', fechaIngreso=2024-02-15, domicilio=Domicilio id=1, calle='SIEMPRE VIVA', numero=123, localidad='SAN PEDRO', provincia='JUJUY
[2024-05-22 00:13:36] [ INFO ] [DomicilioDaoH2:77] domicilio encontrado: Domicilio id=2, calle='Calle Falsa', numero=456, localidad='Springfield', provincia='Montana
[2024-05-22 00:13:36] [ INFO ] [PacienteDaoH2:126] paciente listado: Paciente id=2, apellido='Cosme', nombre='Menganito', dni='456464', fechaIngreso=2024-04-22, domicilio=Domicilio id=2, calle='Calle Falsa', numero=456, localidad='Springfield', provincia='Montana
[2024-05-22 00:13:36] [ INFO ] [DomicilioDaoH2:77] domicilio encontrado: Domicilio id=3, calle='Calle Falsa', numero=456, localidad='Springfield', provincia='Montana
[2024-05-22 00:13:36] [ INFO ] [PacienteDaoH2:126] paciente listado: Paciente id=3, apellido='Cosme', nombre='Menganito', dni='456464', fechaIngreso=2024-04-22, domicilio=Domicilio id=3, calle='Calle Falsa', numero=456, localidad='Springfield', provincia='Montana
[2024-05-22 00:13:36] [ INFO ] [DomicilioDaoH2:77] domicilio encontrado: Domicilio id=1, calle='SIEMPRE VIVA', numero=123, localidad='SAN PEDRO', provincia='JUJUY
[2024-05-22 00:13:36] [ INFO ] [PacienteDaoH2:91] paciente encontrado: Paciente id=1, apellido='COSME', nombre='FULANITO', dni='1545646', fechaIngreso=2024-02-15, domicilio=Domicilio id=1, calle='SIEMPRE VIVA', numero=123, localidad='SAN PEDRO', provincia='JUJUY
[2024-05-22 00:18:23] [ INFO ] [PacienteEnMemoria:19] paciente guardado: Paciente id=1, apellido='Cosme', nombre='Menganito', dni='456464', fechaIngreso=2024-04-22, domicilio=Domicilio id=null, calle='Calle Falsa', numero=456, localidad='Springfield', provincia='Montana
[2024-05-22 00:18:23] [ INFO ] [PacienteEnMemoria:19] paciente guardado: Paciente id=2, apellido='Cosme', nombre='Menganito', dni='456464', fechaIngreso=2024-04-22, domicilio=Domicilio id=null, calle='Calle Falsa', numero=456, localidad='Springfield', provincia='Montana
[2024-05-22 00:18:23] [ INFO ] [PacienteEnMemoria:19] paciente guardado: Paciente id=3, apellido='Cosme', nombre='Menganito', dni='456464', fechaIngreso=2024-04-22, domicilio=Domicilio id=null, calle='Calle Falsa', numero=456, localidad='Springfield', provincia='Montana
[2024-05-22 00:18:23] [ INFO ] [PacienteEnMemoria:27] Paciente encontrado: Paciente id=1, apellido='Cosme', nombre='Menganito', dni='456464', fechaIngreso=2024-04-22, domicilio=Domicilio id=null, calle='Calle Falsa', numero=456, localidad='Springfield', provincia='Montana
