[2024-05-09 23:29:33] [ ERROR] [Main:34] Nombre de usuario ó password incorrecto
Wrong user name or password [28000-224]
[2024-05-09 23:30:45] [ ERROR] [Main:34] Nombre de usuario ó password incorrecto
Wrong user name or password [28000-224]
[2024-05-09 23:31:20] [ INFO ] [Main:28] Animal: 1 - PERRO - ODIN
[2024-05-09 23:31:20] [ INFO ] [Main:28] Animal: 2 - GATO - ÑAÑA
[2024-05-09 23:31:20] [ INFO ] [Main:28] Animal: 3 - PEZ - JULIA
[2024-05-09 23:31:20] [ INFO ] [Main:28] Animal: 4 - PEZ - DORIS
[2024-05-09 23:31:20] [ INFO ] [Main:28] Animal: 5 - SAPO - PEPE
[2024-05-09 23:31:51] [ INFO ] [Main:28] Animal: 1 - PERRO - ODIN
[2024-05-09 23:31:51] [ INFO ] [Main:28] Animal: 2 - GATO - ÑAÑA
[2024-05-09 23:31:51] [ INFO ] [Main:28] Animal: 3 - PEZ - JULIA
[2024-05-09 23:31:51] [ INFO ] [Main:28] Animal: 4 - PEZ - DORIS
[2024-05-09 23:31:51] [ INFO ] [Main:28] Animal: 5 - SAPO - PEPE
[2024-05-09 23:36:53] [ INFO ] [Main:29] Animal: 1 - PERRO - ODIN
[2024-05-09 23:36:53] [ INFO ] [Main:29] Animal: 2 - GATO - ÑAÑA
[2024-05-09 23:36:53] [ INFO ] [Main:29] Animal: 3 - PEZ - JULIA
[2024-05-09 23:36:53] [ INFO ] [Main:29] Animal: 4 - PEZ - DORIS
[2024-05-09 23:36:53] [ INFO ] [Main:29] Animal: 5 - SAPO - PEPE
[2024-05-09 23:36:53] [ INFO ] [Main:36] ------------------------------------------------------------
[2024-05-09 23:36:53] [ INFO ] [Main:39] Animal: 1 - PERRO - ODIN
[2024-05-09 23:36:53] [ INFO ] [Main:39] Animal: 2 - GATO - ÑAÑA
[2024-05-09 23:36:53] [ INFO ] [Main:39] Animal: 3 - PEZ - JULIA
[2024-05-09 23:36:53] [ INFO ] [Main:39] Animal: 4 - PEZ - DORIS
